8ae4c98193acf92d01940ec8ca6f74c6 20250226
8ae4c98193acf92d01940ec8c99474c5 20250225
8ae4c98193acf92d01940ec8c8b874c4 20250224
8ae4c98193acf92d01940ec8c7da74c3 20250223
8ae4c98193acf92d01940ec8c6f874c2 20250222
8ae4c98193acf92d01940ec8c61b74c1 20250221
8ae4c98193acf92d01940ec8c53974c0 20250220
8ae4c98193acf92d01940ec8c45c74bf 20250219
8ae4c98193acf92d01940ec8c38074be 20250218
8ae4c98193acf92d01940ec8c2a274bd 20250217
8ae4c98193acf92d01940ec8c1c474bc 20250216
8ae4c98193acf92d01940ec8c0e774bb 20250215
8ae4c98193acf92d01940ec8c00b74ba 20250214
8ae4c98193acf92d01940ec8bf2774b9 20250213
8ae4c98193acf92d01940ec8be4874b8 20250212
8ae4c98193acf92d01940ec8bd6374b7 20250211
8ae4c98193acf92d01940ec8bc8674b6 20250210
8ae4c98193acf92d01940ec8bba974b5 20250209
8ae4c98193acf92d01940ec8bacc74b4 20250208
8ae4c98193acf92d01940ec8b9ef74b3 20250207
8ae4c98193acf92d01940ec8b90e74b2 20250206
8ae4c98193acf92d01940ec8b83174b1 20250205
8ae4c98193acf92d01940ec8b75574b0 20250204
8ae4c98193acf92d01940ec8b67a74af 20250203
8ae4c98193acf92d01940ec8b59c74ae 20250202
8ae4c98193acf92d01940ec8b4b974ad 20250201
8ae4c98193acf92d01940ec8b3db74ac 20250131
8ae4c98193acf92d01940ec8b2fd74ab 20250130
8ae4c98193acf92d01940ec8b21f74aa 20250129
8ae4c98193acf92d01940ec8b14174a9 20250128
8ae4c98193acf92d01940ec8b06174a8 20250127
8ae4c98193acf92d01940ec8af8374a7 20250126
8ae4c98193acf92d01940ec8aea674a6 20250125
8ae4c98193acf92d01940ec8adca74a5 20250124
8ae4c98193acf92d01940ec8ace974a4 20250123
8ae4c98193acf92d01940ec8ac0d74a3 20250122
8ae4c98193acf92d01940ec8ab2e74a2 20250121
8ae4c98193acf92d01940ec8aa4f74a1 20250120
8ae4c98193acf92d01940ec8a97374a0 20250119
8ae4c98193acf92d01940ec8a89a749f 20250118
8ae4c98193acf92d01940ec8a7c1749e 20250117
8ae4c98193acf92d01940ec8a6e5749d 20250116
8ae4c98193acf92d01940ec8a60b749c 20250115
8ae4c98193acf92d01940ec8a530749b 20250114
8ae4c98193acf92d01940ec8a44d749a 20250113
8ae4c98193acf92d01940ec8a36c7499 20250112
8ae4c98193acf92d01940ec8a2887498 20250111
8ae4c98193acf92d01940ec8a1ab7497 20250110
8ae4c98193acf92d01940ec8a0cf7496 20250109
8ae4c98193acf92d01940ec89ff37495 20250108
8ae4c98193acf92d01940ec89f187494 20250107
8ae4c98193acf92d01940ec89e3c7493 20250106
8ae4c98193acf92d01940ec89d627492 20250105
8ae4c98193acf92d01940ec89c877491 20250104
8ae4c98193acf92d01940ec89ba97490 20250103
8ae4c98193acf92d01940ec89acb748f 20250102
8ae4c98193acf92d01940ec899eb748e 20250101
8ae4c98193acf92d01940ec8990a748d 20241231
8ae4c98193acf92d01940ec8982d748c 20241230
8ae4c98193acf92d01940ec89743748b 20241229
